<?xml version="1.0" encoding="UTF-8"?>
<!-- Generated by org.testng.reporters.JUnitReportReporter -->
<testsuite skipped="0" hostname="ASDW0012" name="testingNg.testng.DataInExcel" tests="1" failures="0" timestamp="26 Feb 2019 12:35:59 GMT" time="0.596" errors="0">
  <testcase name="validateResult" time="0.596" classname="testingNg.testng.DataInExcel"/>
</testsuite> <!-- testingNg.testng.DataInExcel -->
