<?xml version="1.0" encoding="UTF-8"?>
<!-- Generated by org.testng.reporters.JUnitReportReporter -->
<testsuite skipped="0" hostname="ASDW0012" name="testingNg.testng.AppTest" tests="2" failures="0" timestamp="26 Feb 2019 10:12:04 GMT" time="7.646" errors="0">
  <testcase name="queryInsertion" time="7.588" classname="testingNg.testng.AppTest"/>
  <testcase name="validateResult" time="0.058" classname="testingNg.testng.AppTest"/>
</testsuite> <!-- testingNg.testng.AppTest -->
