<?xml version="1.0" encoding="UTF-8"?>
<!-- Generated by org.testng.reporters.JUnitReportReporter -->
<testsuite skipped="0" hostname="ASDW0012" name="login.testing.AppTest" tests="1" failures="0" timestamp="01 Mar 2019 06:49:19 GMT" time="2.956" errors="0">
  <testcase name="PayRollOnlineNewTab" time="2.956" classname="login.testing.AppTest"/>
</testsuite> <!-- login.testing.AppTest -->
